2024-08-20 01:53:06 INFO  Hooks:34 - Starting new browser session for scenario: USCheckVisaSlots_LoginPage
2024-08-20 01:53:06 INFO  Hooks:34 - Starting new browser session for scenario: USCheckVisaSlots_LoginPage
2024-08-20 01:54:36 INFO  Hooks:34 - Starting new browser session for scenario: USCheckVisaSlots_LoginPage
2024-08-20 01:54:36 INFO  Hooks:34 - Starting new browser session for scenario: USCheckVisaSlots_LoginPage
2024-08-20 01:57:29 INFO  Hooks:34 - Starting new browser session for scenario: USCheckVisaSlots_LoginPage
2024-08-20 01:57:29 INFO  Hooks:34 - Starting new browser session for scenario: USCheckVisaSlots_LoginPage
2024-08-20 02:00:51 INFO  Hooks:34 - Starting new browser session for scenario: USCheckVisaSlots_LoginPage
2024-08-20 02:00:51 INFO  Hooks:34 - Starting new browser session for scenario: USCheckVisaSlots_LoginPage
2024-08-20 02:02:01 INFO  Hooks:34 - Starting new browser session for scenario: USCheckVisaSlots_LoginPage
2024-08-20 02:02:01 INFO  Hooks:34 - Starting new browser session for scenario: USCheckVisaSlots_LoginPage
2024-08-20 02:07:32 INFO  Hooks:34 - Starting new browser session for scenario: USCheckVisaSlots_LoginPage
2024-08-20 02:07:32 INFO  Hooks:34 - Starting new browser session for scenario: USCheckVisaSlots_LoginPage
2024-08-20 02:09:03 INFO  Hooks:34 - Starting new browser session for scenario: USCheckVisaSlots_LoginPage
2024-08-20 02:09:03 INFO  Hooks:34 - Starting new browser session for scenario: USCheckVisaSlots_LoginPage
2024-08-20 02:11:14 INFO  Hooks:34 - Starting new browser session for scenario: USCheckVisaSlots_LoginPage
2024-08-20 02:11:14 INFO  Hooks:34 - Starting new browser session for scenario: USCheckVisaSlots_LoginPage
2024-08-20 02:11:47 INFO  Hooks:34 - Starting new browser session for scenario: USCheckVisaSlots_LoginPage
2024-08-20 02:11:47 INFO  Hooks:34 - Starting new browser session for scenario: USCheckVisaSlots_LoginPage
2024-08-20 02:13:21 INFO  Hooks:34 - Starting new browser session for scenario: USCheckVisaSlots_LoginPage
2024-08-20 02:13:21 INFO  Hooks:34 - Starting new browser session for scenario: USCheckVisaSlots_LoginPage
2024-08-20 02:15:52 INFO  Hooks:34 - Starting new browser session for scenario: USCheckVisaSlots_LoginPage
2024-08-20 02:15:52 INFO  Hooks:34 - Starting new browser session for scenario: USCheckVisaSlots_LoginPage
2024-08-20 02:16:33 INFO  Hooks:34 - Starting new browser session for scenario: USCheckVisaSlots_LoginPage
2024-08-20 02:16:33 INFO  Hooks:34 - Starting new browser session for scenario: USCheckVisaSlots_LoginPage
2024-08-20 02:17:12 INFO  Hooks:34 - Starting new browser session for scenario: USCheckVisaSlots_LoginPage
2024-08-20 02:17:12 INFO  Hooks:34 - Starting new browser session for scenario: USCheckVisaSlots_LoginPage
2024-08-20 02:17:14 INFO  Hooks:76 - Browser setup completed
2024-08-20 02:17:14 INFO  Hooks:76 - Browser setup completed
2024-08-20 02:17:14 INFO  Hooks:84 - Browser session terminated
2024-08-20 02:17:14 INFO  Hooks:84 - Browser session terminated
2024-08-20 02:18:18 INFO  Hooks:34 - Starting new browser session for scenario: USCheckVisaSlots_LoginPage
2024-08-20 02:18:18 INFO  Hooks:34 - Starting new browser session for scenario: USCheckVisaSlots_LoginPage
2024-08-20 02:18:19 INFO  Hooks:76 - Browser setup completed
2024-08-20 02:18:19 INFO  Hooks:76 - Browser setup completed
2024-08-20 02:18:22 INFO  Hooks:84 - Browser session terminated
2024-08-20 02:18:22 INFO  Hooks:84 - Browser session terminated
2024-08-20 02:59:02 INFO  Hooks:34 - Starting new browser session for scenario: USCheckVisaSlots_LoginPage
2024-08-20 02:59:02 INFO  Hooks:34 - Starting new browser session for scenario: USCheckVisaSlots_LoginPage
2024-08-20 02:59:04 INFO  Hooks:76 - Browser setup completed
2024-08-20 02:59:04 INFO  Hooks:76 - Browser setup completed
2024-08-20 02:59:04 INFO  Hooks:84 - Browser session terminated
2024-08-20 02:59:04 INFO  Hooks:84 - Browser session terminated
2024-11-02 01:17:49 INFO  Hooks:34 - Starting new browser session for scenario: USCheckVisaSlots_LoginPage
2024-11-02 01:17:49 INFO  Hooks:34 - Starting new browser session for scenario: USCheckVisaSlots_LoginPage
2024-11-02 01:25:53 INFO  Hooks:34 - Starting new browser session for scenario: USCheckVisaSlots_LoginPage
2024-11-02 01:25:53 INFO  Hooks:34 - Starting new browser session for scenario: USCheckVisaSlots_LoginPage
2024-11-02 01:25:56 INFO  Hooks:76 - Browser setup completed
2024-11-02 01:25:56 INFO  Hooks:76 - Browser setup completed
2024-11-02 01:25:56 INFO  LoginPage:24 - In OpenUrl
2024-11-02 01:25:56 INFO  LoginPage:24 - In OpenUrl
2024-11-02 01:25:56 INFO  Hooks:84 - Browser session terminated
2024-11-02 01:25:56 INFO  Hooks:84 - Browser session terminated
2024-11-02 01:31:37 INFO  Hooks:34 - Starting new browser session for scenario: USCheckVisaSlots_LoginPage
2024-11-02 01:31:37 INFO  Hooks:34 - Starting new browser session for scenario: USCheckVisaSlots_LoginPage
2024-11-02 01:31:39 INFO  Hooks:76 - Browser setup completed
2024-11-02 01:31:39 INFO  Hooks:76 - Browser setup completed
2024-11-02 01:31:39 INFO  LoginPage:24 - In OpenUrl
2024-11-02 01:31:39 INFO  LoginPage:24 - In OpenUrl
2024-11-02 01:31:40 INFO  Hooks:84 - Browser session terminated
2024-11-02 01:31:40 INFO  Hooks:84 - Browser session terminated
2024-11-02 01:39:21 INFO  Hooks:35 - Starting new browser session for scenario: USCheckVisaSlots_LoginPage
2024-11-02 01:39:21 INFO  Hooks:35 - Starting new browser session for scenario: USCheckVisaSlots_LoginPage
2024-11-02 01:43:28 INFO  Hooks:35 - Starting new browser session for scenario: USCheckVisaSlots_LoginPage
2024-11-02 01:43:28 INFO  Hooks:35 - Starting new browser session for scenario: USCheckVisaSlots_LoginPage
2024-11-02 02:06:02 INFO  Hooks:35 - Starting new browser session for scenario: USCheckVisaSlots_LoginPage
2024-11-02 02:06:02 INFO  Hooks:35 - Starting new browser session for scenario: USCheckVisaSlots_LoginPage
2024-11-02 02:08:13 INFO  Hooks:35 - Starting new browser session for scenario: USCheckVisaSlots_LoginPage
2024-11-02 02:08:13 INFO  Hooks:35 - Starting new browser session for scenario: USCheckVisaSlots_LoginPage
2024-11-02 02:09:35 INFO  Hooks:35 - Starting new browser session for scenario: USCheckVisaSlots_LoginPage
2024-11-02 02:09:35 INFO  Hooks:35 - Starting new browser session for scenario: USCheckVisaSlots_LoginPage
2024-11-02 02:09:36 INFO  Hooks:77 - Browser setup completed
2024-11-02 02:09:36 INFO  Hooks:77 - Browser setup completed
2024-11-02 02:09:36 INFO  LoginPage:24 - In OpenUrl
2024-11-02 02:09:36 INFO  LoginPage:24 - In OpenUrl
2024-11-02 02:09:36 INFO  Hooks:85 - Browser session terminated
2024-11-02 02:09:36 INFO  Hooks:85 - Browser session terminated
2024-11-02 02:28:34 INFO  Hooks:36 - Starting new browser session for scenario: USCheckVisaSlots_LoginPage
2024-11-02 02:28:34 INFO  Hooks:36 - Starting new browser session for scenario: USCheckVisaSlots_LoginPage
2024-11-02 02:28:36 INFO  Hooks:78 - Browser setup completed
2024-11-02 02:28:36 INFO  Hooks:78 - Browser setup completed
2024-11-02 02:28:36 INFO  LoginPage:24 - In OpenUrl
2024-11-02 02:28:36 INFO  LoginPage:24 - In OpenUrl
2024-11-02 02:28:36 INFO  Hooks:86 - Browser session terminated
2024-11-02 02:28:36 INFO  Hooks:86 - Browser session terminated
2024-11-02 02:42:17 INFO  Hooks:36 - Starting new browser session for scenario: USCheckVisaSlots_LoginPage
2024-11-02 02:42:17 INFO  Hooks:36 - Starting new browser session for scenario: USCheckVisaSlots_LoginPage
2024-11-02 02:42:18 INFO  Hooks:78 - Browser setup completed
2024-11-02 02:42:18 INFO  Hooks:78 - Browser setup completed
2024-11-02 02:42:18 INFO  LoginPage:24 - In OpenUrl
2024-11-02 02:42:18 INFO  LoginPage:24 - In OpenUrl
2024-11-02 02:42:18 INFO  Hooks:86 - Browser session terminated
2024-11-02 02:42:18 INFO  Hooks:86 - Browser session terminated
2024-11-02 02:42:56 INFO  Hooks:36 - Starting new browser session for scenario: USCheckVisaSlots_LoginPage
2024-11-02 02:42:56 INFO  Hooks:36 - Starting new browser session for scenario: USCheckVisaSlots_LoginPage
2024-11-02 02:44:03 INFO  Hooks:36 - Starting new browser session for scenario: USCheckVisaSlots_LoginPage
2024-11-02 02:44:03 INFO  Hooks:36 - Starting new browser session for scenario: USCheckVisaSlots_LoginPage
2024-11-02 02:44:03 INFO  Hooks:79 - Browser setup completed
2024-11-02 02:44:03 INFO  Hooks:79 - Browser setup completed
2024-11-02 02:44:03 INFO  LoginPage:24 - In OpenUrl
2024-11-02 02:44:03 INFO  LoginPage:24 - In OpenUrl
2024-11-02 02:44:04 INFO  Hooks:87 - Browser session terminated
2024-11-02 02:44:04 INFO  Hooks:87 - Browser session terminated
2024-11-02 02:48:22 INFO  Hooks:36 - Starting new browser session for scenario: USCheckVisaSlots_LoginPage
2024-11-02 02:48:22 INFO  Hooks:36 - Starting new browser session for scenario: USCheckVisaSlots_LoginPage
2024-11-02 02:48:23 INFO  Hooks:79 - Browser setup completed
2024-11-02 02:48:23 INFO  Hooks:79 - Browser setup completed
2024-11-02 02:48:23 INFO  LoginPage:24 - In OpenUrl
2024-11-02 02:48:23 INFO  LoginPage:24 - In OpenUrl
2024-11-02 02:48:23 INFO  Hooks:87 - Browser session terminated
2024-11-02 02:48:23 INFO  Hooks:87 - Browser session terminated
2024-11-02 02:53:14 INFO  Hooks:36 - Starting new browser session for scenario: USCheckVisaSlots_LoginPage
2024-11-02 02:53:14 INFO  Hooks:36 - Starting new browser session for scenario: USCheckVisaSlots_LoginPage
2024-11-02 03:06:43 INFO  Hooks:36 - Starting new browser session for scenario: USCheckVisaSlots_LoginPage
2024-11-02 03:06:43 INFO  Hooks:36 - Starting new browser session for scenario: USCheckVisaSlots_LoginPage
2024-11-02 03:06:44 INFO  Hooks:79 - Browser setup completed
2024-11-02 03:06:44 INFO  Hooks:79 - Browser setup completed
2024-11-02 03:06:44 INFO  LoginPage:24 - In OpenUrl
2024-11-02 03:06:44 INFO  LoginPage:24 - In OpenUrl
2024-11-02 03:06:45 INFO  Hooks:87 - Browser session terminated
2024-11-02 03:06:45 INFO  Hooks:87 - Browser session terminated
2024-11-02 03:19:56 INFO  Hooks:36 - Starting new browser session for scenario: USCheckVisaSlots_LoginPage
2024-11-02 03:19:56 INFO  Hooks:36 - Starting new browser session for scenario: USCheckVisaSlots_LoginPage
2024-11-02 03:19:57 INFO  Hooks:79 - Browser setup completed
2024-11-02 03:19:57 INFO  Hooks:79 - Browser setup completed
2024-11-02 03:19:57 INFO  LoginPage:24 - In OpenUrl
2024-11-02 03:19:57 INFO  LoginPage:24 - In OpenUrl
2024-11-02 03:19:57 INFO  Hooks:87 - Browser session terminated
2024-11-02 03:19:57 INFO  Hooks:87 - Browser session terminated
2024-11-03 03:09:20 INFO  Hooks:36 - Starting new browser session for scenario: USCheckVisaSlots_LoginPage
2024-11-03 03:09:20 INFO  Hooks:36 - Starting new browser session for scenario: USCheckVisaSlots_LoginPage
2024-11-03 03:09:22 INFO  Hooks:79 - Browser setup completed
2024-11-03 03:09:22 INFO  Hooks:79 - Browser setup completed
2024-11-03 03:09:23 INFO  LoginPage:24 - In OpenUrl
2024-11-03 03:09:23 INFO  LoginPage:24 - In OpenUrl
2024-11-03 03:09:23 INFO  Hooks:87 - Browser session terminated
2024-11-03 03:09:23 INFO  Hooks:87 - Browser session terminated
2024-11-04 00:56:36 INFO  Hooks:36 - Starting new browser session for scenario: USCheckVisaSlots_LoginPage
2024-11-04 00:56:36 INFO  Hooks:36 - Starting new browser session for scenario: USCheckVisaSlots_LoginPage
2024-11-04 00:56:39 INFO  Hooks:79 - Browser setup completed
2024-11-04 00:56:39 INFO  Hooks:79 - Browser setup completed
2024-11-04 00:56:39 INFO  LoginPage:24 - In OpenUrl
2024-11-04 00:56:39 INFO  LoginPage:24 - In OpenUrl
2024-11-04 00:56:39 INFO  Hooks:87 - Browser session terminated
2024-11-04 00:56:39 INFO  Hooks:87 - Browser session terminated
2024-11-20 14:38:38 INFO  Hooks:36 - Starting new browser session for scenario: USCheckVisaSlots_LoginPage
2024-11-20 14:38:38 INFO  Hooks:36 - Starting new browser session for scenario: USCheckVisaSlots_LoginPage
2024-11-20 14:38:39 INFO  Hooks:79 - Browser setup completed
2024-11-20 14:38:39 INFO  Hooks:79 - Browser setup completed
2024-11-20 14:38:39 INFO  LoginPage:24 - In OpenUrl
2024-11-20 14:38:39 INFO  LoginPage:24 - In OpenUrl
2024-11-20 14:38:40 INFO  Hooks:87 - Browser session terminated
2024-11-20 14:38:40 INFO  Hooks:87 - Browser session terminated
2024-11-30 18:38:55 INFO  Hooks:36 - Starting new browser session for scenario: USCheckVisaSlots_LoginPage
2024-11-30 18:38:55 INFO  Hooks:36 - Starting new browser session for scenario: USCheckVisaSlots_LoginPage
2024-11-30 18:38:57 INFO  Hooks:79 - Browser setup completed
2024-11-30 18:38:57 INFO  Hooks:79 - Browser setup completed
2024-11-30 18:38:57 INFO  LoginPage:24 - In OpenUrl
2024-11-30 18:38:57 INFO  LoginPage:24 - In OpenUrl
2024-11-30 18:38:58 INFO  Hooks:87 - Browser session terminated
2024-11-30 18:38:58 INFO  Hooks:87 - Browser session terminated
2024-11-30 18:39:52 INFO  Hooks:36 - Starting new browser session for scenario: USCheckVisaSlots_LoginPage
2024-11-30 18:39:52 INFO  Hooks:36 - Starting new browser session for scenario: USCheckVisaSlots_LoginPage
2024-11-30 18:39:55 INFO  Hooks:79 - Browser setup completed
2024-11-30 18:39:55 INFO  Hooks:79 - Browser setup completed
2024-11-30 18:39:55 INFO  LoginPage:24 - In OpenUrl
2024-11-30 18:39:55 INFO  LoginPage:24 - In OpenUrl
2024-11-30 18:39:55 INFO  Hooks:87 - Browser session terminated
2024-11-30 18:39:55 INFO  Hooks:87 - Browser session terminated
2024-11-30 18:42:58 INFO  Hooks:36 - Starting new browser session for scenario: USCheckVisaSlots_LoginPage
2024-11-30 18:42:58 INFO  Hooks:36 - Starting new browser session for scenario: USCheckVisaSlots_LoginPage
2024-11-30 18:42:59 INFO  Hooks:79 - Browser setup completed
2024-11-30 18:42:59 INFO  Hooks:79 - Browser setup completed
2024-11-30 18:42:59 INFO  LoginPage:24 - In OpenUrl
2024-11-30 18:42:59 INFO  LoginPage:24 - In OpenUrl
2024-11-30 18:42:59 INFO  Hooks:87 - Browser session terminated
2024-11-30 18:42:59 INFO  Hooks:87 - Browser session terminated
2024-11-30 18:44:14 INFO  Hooks:36 - Starting new browser session for scenario: USCheckVisaSlots_LoginPage
2024-11-30 18:44:14 INFO  Hooks:36 - Starting new browser session for scenario: USCheckVisaSlots_LoginPage
2024-11-30 18:44:16 INFO  Hooks:79 - Browser setup completed
2024-11-30 18:44:16 INFO  Hooks:79 - Browser setup completed
2024-11-30 18:44:16 INFO  LoginPage:24 - In OpenUrl
2024-11-30 18:44:16 INFO  LoginPage:24 - In OpenUrl
2024-11-30 18:44:16 INFO  Hooks:87 - Browser session terminated
2024-11-30 18:44:16 INFO  Hooks:87 - Browser session terminated
2024-11-30 18:46:31 INFO  Hooks:36 - Starting new browser session for scenario: USCheckVisaSlots_LoginPage
2024-11-30 18:46:31 INFO  Hooks:36 - Starting new browser session for scenario: USCheckVisaSlots_LoginPage
2024-11-30 18:46:32 INFO  Hooks:79 - Browser setup completed
2024-11-30 18:46:32 INFO  Hooks:79 - Browser setup completed
2024-11-30 18:46:32 INFO  LoginPage:24 - In OpenUrl
2024-11-30 18:46:32 INFO  LoginPage:24 - In OpenUrl
2024-11-30 18:46:32 INFO  Hooks:87 - Browser session terminated
2024-11-30 18:46:32 INFO  Hooks:87 - Browser session terminated
2024-11-30 19:41:42 INFO  Hooks:36 - Starting new browser session for scenario: USCheckVisaSlots_LoginPage
2024-11-30 19:41:42 INFO  Hooks:36 - Starting new browser session for scenario: USCheckVisaSlots_LoginPage
2024-11-30 19:41:44 INFO  Hooks:79 - Browser setup completed
2024-11-30 19:41:44 INFO  Hooks:79 - Browser setup completed
2024-11-30 19:41:44 INFO  LoginPage:24 - In OpenUrl
2024-11-30 19:41:44 INFO  LoginPage:24 - In OpenUrl
2024-11-30 19:41:44 INFO  Hooks:87 - Browser session terminated
2024-11-30 19:41:44 INFO  Hooks:87 - Browser session terminated
2024-11-30 19:46:16 INFO  Hooks:36 - Starting new browser session for scenario: USCheckVisaSlots_LoginPage
2024-11-30 19:46:16 INFO  Hooks:36 - Starting new browser session for scenario: USCheckVisaSlots_LoginPage
2024-11-30 19:46:34 INFO  Hooks:36 - Starting new browser session for scenario: USCheckVisaSlots_LoginPage
2024-11-30 19:46:34 INFO  Hooks:36 - Starting new browser session for scenario: USCheckVisaSlots_LoginPage
2024-11-30 19:46:37 INFO  Hooks:79 - Browser setup completed
2024-11-30 19:46:37 INFO  Hooks:79 - Browser setup completed
2024-11-30 19:46:37 INFO  LoginPage:24 - In OpenUrl
2024-11-30 19:46:37 INFO  LoginPage:24 - In OpenUrl
2024-11-30 19:46:37 INFO  Hooks:87 - Browser session terminated
2024-11-30 19:46:37 INFO  Hooks:87 - Browser session terminated
2024-11-30 19:49:47 INFO  Hooks:36 - Starting new browser session for scenario: USCheckVisaSlots_LoginPage
2024-11-30 19:49:47 INFO  Hooks:36 - Starting new browser session for scenario: USCheckVisaSlots_LoginPage
2024-11-30 19:49:48 INFO  Hooks:79 - Browser setup completed
2024-11-30 19:49:48 INFO  Hooks:79 - Browser setup completed
2024-11-30 19:49:48 INFO  LoginPage:24 - In OpenUrl
2024-11-30 19:49:48 INFO  LoginPage:24 - In OpenUrl
2024-11-30 19:49:48 INFO  Hooks:87 - Browser session terminated
2024-11-30 19:49:48 INFO  Hooks:87 - Browser session terminated
2024-11-30 19:50:15 INFO  Hooks:36 - Starting new browser session for scenario: USCheckVisaSlots_LoginPage
2024-11-30 19:50:15 INFO  Hooks:36 - Starting new browser session for scenario: USCheckVisaSlots_LoginPage
2024-11-30 19:50:16 INFO  Hooks:79 - Browser setup completed
2024-11-30 19:50:16 INFO  Hooks:79 - Browser setup completed
2024-11-30 19:50:16 INFO  LoginPage:24 - In OpenUrl
2024-11-30 19:50:16 INFO  LoginPage:24 - In OpenUrl
2024-11-30 19:50:16 INFO  Hooks:87 - Browser session terminated
2024-11-30 19:50:16 INFO  Hooks:87 - Browser session terminated
2024-11-30 19:51:15 INFO  Hooks:36 - Starting new browser session for scenario: USCheckVisaSlots_LoginPage
2024-11-30 19:51:15 INFO  Hooks:36 - Starting new browser session for scenario: USCheckVisaSlots_LoginPage
2024-11-30 19:51:16 INFO  Hooks:79 - Browser setup completed
2024-11-30 19:51:16 INFO  Hooks:79 - Browser setup completed
2024-11-30 19:51:16 INFO  LoginPage:24 - In OpenUrl
2024-11-30 19:51:16 INFO  LoginPage:24 - In OpenUrl
2024-11-30 19:51:16 INFO  Hooks:87 - Browser session terminated
2024-11-30 19:51:16 INFO  Hooks:87 - Browser session terminated
2024-11-30 19:53:48 INFO  Hooks:36 - Starting new browser session for scenario: USCheckVisaSlots_LoginPage
2024-11-30 19:53:48 INFO  Hooks:36 - Starting new browser session for scenario: USCheckVisaSlots_LoginPage
2024-11-30 19:53:49 INFO  Hooks:79 - Browser setup completed
2024-11-30 19:53:49 INFO  Hooks:79 - Browser setup completed
2024-11-30 19:53:49 INFO  LoginPage:24 - In OpenUrl
2024-11-30 19:53:49 INFO  LoginPage:24 - In OpenUrl
2024-11-30 19:53:49 INFO  Hooks:87 - Browser session terminated
2024-11-30 19:53:49 INFO  Hooks:87 - Browser session terminated
2024-11-30 19:54:51 INFO  Hooks:36 - Starting new browser session for scenario: USCheckVisaSlots_LoginPage
2024-11-30 19:54:51 INFO  Hooks:36 - Starting new browser session for scenario: USCheckVisaSlots_LoginPage
2024-11-30 19:54:52 INFO  Hooks:79 - Browser setup completed
2024-11-30 19:54:52 INFO  Hooks:79 - Browser setup completed
2024-11-30 19:54:52 INFO  LoginPage:24 - In OpenUrl
2024-11-30 19:54:52 INFO  LoginPage:24 - In OpenUrl
2024-11-30 19:54:53 INFO  LoginPage:28 - OpenUrl Completed
2024-11-30 19:54:53 INFO  LoginPage:28 - OpenUrl Completed
2024-11-30 19:54:53 INFO  LoginPage:24 - In OpenUrl
2024-11-30 19:54:53 INFO  LoginPage:24 - In OpenUrl
2024-11-30 19:54:55 INFO  LoginPage:28 - OpenUrl Completed
2024-11-30 19:54:55 INFO  LoginPage:28 - OpenUrl Completed
2024-11-30 19:54:55 INFO  Hooks:87 - Browser session terminated
2024-11-30 19:54:55 INFO  Hooks:87 - Browser session terminated
2024-11-30 19:55:34 INFO  Hooks:36 - Starting new browser session for scenario: USCheckVisaSlots_LoginPage
2024-11-30 19:55:34 INFO  Hooks:36 - Starting new browser session for scenario: USCheckVisaSlots_LoginPage
2024-11-30 19:55:36 INFO  Hooks:79 - Browser setup completed
2024-11-30 19:55:36 INFO  Hooks:79 - Browser setup completed
2024-11-30 19:55:36 INFO  LoginPage:24 - In OpenUrl
2024-11-30 19:55:36 INFO  LoginPage:24 - In OpenUrl
2024-11-30 19:55:37 INFO  LoginPage:28 - OpenUrl Completed
2024-11-30 19:55:37 INFO  LoginPage:28 - OpenUrl Completed
2024-11-30 19:55:37 INFO  LoginPage:24 - In OpenUrl
2024-11-30 19:55:37 INFO  LoginPage:24 - In OpenUrl
2024-11-30 19:55:37 INFO  LoginPage:28 - OpenUrl Completed
2024-11-30 19:55:37 INFO  LoginPage:28 - OpenUrl Completed
2024-11-30 19:55:37 INFO  Hooks:87 - Browser session terminated
2024-11-30 19:55:37 INFO  Hooks:87 - Browser session terminated
2024-11-30 20:06:41 INFO  Hooks:36 - Starting new browser session for scenario: USCheckVisaSlots_LoginPage
2024-11-30 20:06:41 INFO  Hooks:36 - Starting new browser session for scenario: USCheckVisaSlots_LoginPage
2024-11-30 20:06:42 INFO  Hooks:79 - Browser setup completed
2024-11-30 20:06:42 INFO  Hooks:79 - Browser setup completed
2024-11-30 20:06:42 INFO  LoginPage:24 - In OpenUrl
2024-11-30 20:06:42 INFO  LoginPage:24 - In OpenUrl
2024-11-30 20:06:43 INFO  LoginPage:27 - OpenUrl Completed
2024-11-30 20:06:43 INFO  LoginPage:27 - OpenUrl Completed
2024-11-30 20:06:43 INFO  LoginPage:24 - In OpenUrl
2024-11-30 20:06:43 INFO  LoginPage:24 - In OpenUrl
2024-11-30 20:06:44 INFO  LoginPage:27 - OpenUrl Completed
2024-11-30 20:06:44 INFO  LoginPage:27 - OpenUrl Completed
2024-11-30 20:06:44 INFO  Hooks:87 - Browser session terminated
2024-11-30 20:06:44 INFO  Hooks:87 - Browser session terminated
2024-12-10 19:10:31 INFO  Hooks:36 - Starting new browser session for scenario: USCheckVisaSlots_LoginPage
2024-12-10 19:10:31 INFO  Hooks:36 - Starting new browser session for scenario: USCheckVisaSlots_LoginPage
2024-12-10 19:10:34 INFO  Hooks:79 - Browser setup completed
2024-12-10 19:10:34 INFO  Hooks:79 - Browser setup completed
2024-12-10 19:10:34 INFO  LoginPage:24 - In OpenUrl
2024-12-10 19:10:34 INFO  LoginPage:24 - In OpenUrl
2024-12-10 19:10:35 INFO  LoginPage:27 - OpenUrl Completed
2024-12-10 19:10:35 INFO  LoginPage:27 - OpenUrl Completed
2024-12-10 19:10:35 INFO  LoginPage:24 - In OpenUrl
2024-12-10 19:10:35 INFO  LoginPage:24 - In OpenUrl
2024-12-10 19:10:35 INFO  LoginPage:27 - OpenUrl Completed
2024-12-10 19:10:35 INFO  LoginPage:27 - OpenUrl Completed
2024-12-10 19:10:35 INFO  Hooks:87 - Browser session terminated
2024-12-10 19:10:35 INFO  Hooks:87 - Browser session terminated
2024-12-10 19:10:47 INFO  Hooks:36 - Starting new browser session for scenario: USCheckVisaSlots_LoginPage
2024-12-10 19:10:47 INFO  Hooks:36 - Starting new browser session for scenario: USCheckVisaSlots_LoginPage
2024-12-10 19:10:48 INFO  Hooks:79 - Browser setup completed
2024-12-10 19:10:48 INFO  Hooks:79 - Browser setup completed
2024-12-10 19:10:48 INFO  LoginPage:24 - In OpenUrl
2024-12-10 19:10:48 INFO  LoginPage:24 - In OpenUrl
2024-12-10 19:10:49 INFO  LoginPage:27 - OpenUrl Completed
2024-12-10 19:10:49 INFO  LoginPage:27 - OpenUrl Completed
2024-12-10 19:10:49 INFO  LoginPage:24 - In OpenUrl
2024-12-10 19:10:49 INFO  LoginPage:24 - In OpenUrl
2024-12-10 19:10:49 INFO  LoginPage:27 - OpenUrl Completed
2024-12-10 19:10:49 INFO  LoginPage:27 - OpenUrl Completed
2024-12-10 19:10:49 INFO  Hooks:87 - Browser session terminated
2024-12-10 19:10:49 INFO  Hooks:87 - Browser session terminated
2025-07-04 01:24:41 INFO  Hooks:36 - Starting new browser session for scenario: USCheckVisaSlots_LoginPage
2025-07-04 01:24:41 INFO  Hooks:36 - Starting new browser session for scenario: USCheckVisaSlots_LoginPage
2025-07-04 01:24:46 INFO  Hooks:79 - Browser setup completed
2025-07-04 01:24:46 INFO  Hooks:79 - Browser setup completed
2025-07-04 01:24:46 INFO  LoginPage:25 - In OpenUrl
2025-07-04 01:24:46 INFO  LoginPage:25 - In OpenUrl
2025-07-04 01:24:47 INFO  LoginPage:28 - OpenUrl Completed
2025-07-04 01:24:47 INFO  LoginPage:28 - OpenUrl Completed
2025-07-04 01:24:47 INFO  LoginPage:25 - In OpenUrl
2025-07-04 01:24:47 INFO  LoginPage:25 - In OpenUrl
2025-07-04 01:24:47 INFO  LoginPage:28 - OpenUrl Completed
2025-07-04 01:24:47 INFO  LoginPage:28 - OpenUrl Completed
2025-07-04 01:24:48 INFO  Hooks:87 - Browser session terminated
2025-07-04 01:24:48 INFO  Hooks:87 - Browser session terminated
2025-07-04 11:21:48 INFO  Hooks:36 - Starting new browser session for scenario: USCheckVisaSlots_LoginPage
2025-07-04 11:21:48 INFO  Hooks:36 - Starting new browser session for scenario: USCheckVisaSlots_LoginPage
2025-07-04 11:24:31 INFO  Hooks:36 - Starting new browser session for scenario: USCheckVisaSlots_LoginPage
2025-07-04 11:24:31 INFO  Hooks:36 - Starting new browser session for scenario: USCheckVisaSlots_LoginPage
2025-07-04 11:24:33 INFO  Hooks:79 - Browser setup completed
2025-07-04 11:24:33 INFO  Hooks:79 - Browser setup completed
2025-07-04 11:24:33 INFO  LoginPage:25 - In OpenUrl
2025-07-04 11:24:33 INFO  LoginPage:25 - In OpenUrl
2025-07-04 11:24:35 INFO  LoginPage:28 - OpenUrl Completed
2025-07-04 11:24:35 INFO  LoginPage:28 - OpenUrl Completed
2025-07-04 11:24:35 INFO  LoginPage:25 - In OpenUrl
2025-07-04 11:24:35 INFO  LoginPage:25 - In OpenUrl
2025-07-04 11:24:35 INFO  LoginPage:28 - OpenUrl Completed
2025-07-04 11:24:35 INFO  LoginPage:28 - OpenUrl Completed
2025-07-04 11:24:36 INFO  Hooks:87 - Browser session terminated
2025-07-04 11:24:36 INFO  Hooks:87 - Browser session terminated
2025-07-04 11:43:39 INFO  Hooks:36 - Starting new browser session for scenario: USCheckVisaSlots_LoginPage
2025-07-04 11:43:39 INFO  Hooks:36 - Starting new browser session for scenario: USCheckVisaSlots_LoginPage
2025-07-04 11:43:41 INFO  Hooks:79 - Browser setup completed
2025-07-04 11:43:41 INFO  Hooks:79 - Browser setup completed
2025-07-04 11:43:41 INFO  LoginPage:25 - In OpenUrl
2025-07-04 11:43:41 INFO  LoginPage:25 - In OpenUrl
2025-07-04 11:43:42 INFO  LoginPage:28 - OpenUrl Completed
2025-07-04 11:43:42 INFO  LoginPage:28 - OpenUrl Completed
2025-07-04 11:43:42 INFO  LoginPage:25 - In OpenUrl
2025-07-04 11:43:42 INFO  LoginPage:25 - In OpenUrl
2025-07-04 11:43:43 INFO  LoginPage:28 - OpenUrl Completed
2025-07-04 11:43:43 INFO  LoginPage:28 - OpenUrl Completed
2025-07-04 11:43:43 INFO  Hooks:87 - Browser session terminated
2025-07-04 11:43:43 INFO  Hooks:87 - Browser session terminated
